<?xml version="1.0" encoding="UTF-8"?>
<TestRun id="402970c2-8e8d-4e1c-9cf2-93c949724852" name="320052125@INGBTCPIC5NBXRV 2019-07-18 14:25:18" runUser="CODE1\320052125" xmlns="http://microsoft.com/schemas/VisualStudio/TeamTest/2010">
  <TestSettings name="Default Test Settings" id="3b1b7e08-50f6-4f8d-ac40-6f9a8cb0892d">
    <Deployment userDeploymentRoot="C:\Users\320052125\C++CaseStudy\casestudy1\UnitTestProject1\bin\Debug" useDefaultDeploymentRoot="false" runDeploymentRoot="320052125_INGBTCPIC5NBXRV 2019-07-18 14_25_18" />
    <Execution>
      <TestTypeSpecific />
      <AgentRule name="Execution Agents">
      </AgentRule>
    </Execution>
    <Properties />
  </TestSettings>
  <Times creation="2019-07-18T14:25:18.5474332+05:30" queuing="2019-07-18T14:25:19.4670827+05:30" start="2019-07-18T14:25:19.6432085+05:30" finish="2019-07-18T14:25:20.1765890+05:30" />
  <ResultSummary outcome="Completed">
    <Counters total="1" executed="1" passed="1" error="0" failed="0" timeout="0" aborted="0" inconclusive="0" passedButRunAborted="0" notRunnable="0" notExecuted="0" disconnected="0" warning="0" completed="0" inProgress="0" pending="0" />
  </ResultSummary>
  <TestDefinitions>
    <UnitTest name="TestMethod1" storage="unittestproject1.dll" id="5b688acc-bf10-4c7e-4b60-69d8596bdd90">
      <Execution id="14330833-77db-4650-9154-eb38e54c6d2a" />
      <TestMethod codeBase="C:/Users/320052125/C++CaseStudy/casestudy1/UnitTestProject1/bin/Debug/UnitTestProject1.dll" adapterTypeName="Microsoft.VisualStudio.TestTools.TestTypes.Unit.UnitTestAdapter, Microsoft.VisualStudio.QualityTools.Tips.UnitTest.Adapter, Version=14.0.0.0, Culture=neutral, PublicKeyToken=b03f5f7f11d50a3a" className="UnitTestProject1.UnitTest1, UnitTestProject1, Version=1.0.0.0, Culture=neutral, PublicKeyToken=null" name="TestMethod1" />
    </UnitTest>
  </TestDefinitions>
  <TestLists>
    <TestList name="Results Not in a List" id="8c84fa94-04c1-424b-9868-57a2d4851a1d" />
    <TestList name="All Loaded Results" id="19431567-8539-422a-85d7-44ee4e166bda" />
  </TestLists>
  <TestEntries>
    <TestEntry testId="5b688acc-bf10-4c7e-4b60-69d8596bdd90" executionId="14330833-77db-4650-9154-eb38e54c6d2a" testListId="8c84fa94-04c1-424b-9868-57a2d4851a1d" />
  </TestEntries>
  <Results>
    <UnitTestResult executionId="14330833-77db-4650-9154-eb38e54c6d2a" testId="5b688acc-bf10-4c7e-4b60-69d8596bdd90" testName="TestMethod1" computerName="INGBTCPIC5NBXRV" duration="00:00:00.0219477" startTime="2019-07-18T14:25:19.6962457+05:30" endTime="2019-07-18T14:25:20.0955295+05:30" testType="13cdc9d9-ddb5-4fa4-a97d-d965ccfc6d4b" outcome="Passed" testListId="8c84fa94-04c1-424b-9868-57a2d4851a1d" relativeResultsDirectory="14330833-77db-4650-9154-eb38e54c6d2a">
      <Output>
        <StdOut>Hello</StdOut>
      </Output>
    </UnitTestResult>
  </Results>
</TestRun>